0 info it worked if it ends with ok
1 verbose cli [ '/Users/kevin/.nave/installed/0.10.48/bin/node',
1 verbose cli   '/Users/kevin/.nave/installed/0.10.48/bin/npm',
1 verbose cli   'run',
1 verbose cli   'test' ]
2 info using npm@2.15.1
3 info using node@v0.10.48
4 warn invalid config loglevel="notice"
5 verbose run-script [ 'pretest', 'test', 'posttest' ]
6 info pretest fs-iterator-compatibility-tests@0.0.0
7 info test fs-iterator-compatibility-tests@0.0.0
8 verbose unsafe-perm in lifecycle true
9 info fs-iterator-compatibility-tests@0.0.0 Failed to exec test script
10 verbose stack Error: fs-iterator-compatibility-tests@0.0.0 test: `node --version && mocha . spec/**/*.test.js`
10 verbose stack Exit status 3
10 verbose stack     at EventEmitter.<anonymous> (/Users/kevin/.nave/installed/0.10.48/lib/node_modules/npm/lib/utils/lifecycle.js:217:16)
10 verbose stack     at EventEmitter.emit (events.js:98:17)
10 verbose stack     at ChildProcess.<anonymous> (/Users/kevin/.nave/installed/0.10.48/lib/node_modules/npm/lib/utils/spawn.js:24:14)
10 verbose stack     at ChildProcess.emit (events.js:98:17)
10 verbose stack     at maybeClose (child_process.js:766:16)
10 verbose stack     at Process.ChildProcess._handle.onexit (child_process.js:833:5)
11 verbose pkgid fs-iterator-compatibility-tests@0.0.0
12 verbose cwd /Users/kevin/Dev/OpenSource/fs-iterator/compatibility
13 error Darwin 19.4.0
14 error argv "/Users/kevin/.nave/installed/0.10.48/bin/node" "/Users/kevin/.nave/installed/0.10.48/bin/npm" "run" "test"
15 error node v0.10.48
16 error npm  v2.15.1
17 error code ELIFECYCLE
18 error fs-iterator-compatibility-tests@0.0.0 test: `node --version && mocha . spec/**/*.test.js`
18 error Exit status 3
19 error Failed at the fs-iterator-compatibility-tests@0.0.0 test script 'node --version && mocha . spec/**/*.test.js'.
19 error This is most likely a problem with the fs-iterator-compatibility-tests package,
19 error not with npm itself.
19 error Tell the author that this fails on your system:
19 error     node --version && mocha . spec/**/*.test.js
19 error You can get information on how to open an issue for this project with:
19 error     npm bugs fs-iterator-compatibility-tests
19 error Or if that isn't available, you can get their info via:
19 error
19 error     npm owner ls fs-iterator-compatibility-tests
19 error There is likely additional logging output above.
20 verbose exit [ 1, true ]
